THIS SOFTWARE IS PROVIDED BY THE AUTHORS ''AS IS'' AND ANY EXPRESS OR
IMPLIED WARRANTIES, INCLUDING, BUT NOT LIMITED TO, THE IMPLIED WARRANTIES
OF MERCHANTABILITY AND FITNESS FOR A PARTICULAR PURPOSE ARE DISCLAIMED.
IN NO EVENT SHALL THE AUTHORS OR CONTRIBUTORS BE LIABLE FOR ANY DIRECT,
INDIRECT, INCIDENTAL, SPECIAL, EXEMPLARY, OR CONSEQUENTIAL DAMAGES
(INCLUDING, BUT NOT LIMITED TO, PROCUREMENT OF SUBSTITUTE GOODS OR
SERVICES; LOSS OF USE, DATA, OR PROFITS; OR BUSINESS INTERRUPTION)
HOWEVER CAUSED AND ON ANY THEORY OF LIABILITY, WHETHER IN CONTRACT,
STRICT LIABILITY, OR TORT (INCLUDING NEGLIGENCE OR OTHERWISE) ARISING
IN ANY WAY OUT OF THE USE OF THIS SOFTWARE, EVEN IF ADVISED OF THE
POSSIBILITY OF SUCH DAMAGE.

To not display this message, add the follwing to your mararc file:

hide_disclaimer = "YES"

Adding root nameserver 127.0.0.1 for zone .
MaraDNS maximum memory allocation set to 86507520 bytes



THIS SOFTWARE IS PROVIDED BY THE AUTHORS ''AS IS'' AND ANY EXPRESS OR
IMPLIED WARRANTIES, INCLUDING, BUT NOT LIMITED TO, THE IMPLIED WARRANTIES
OF MERCHANTABILITY AND FITNESS FOR A PARTICULAR PURPOSE ARE DISCLAIMED.
IN NO EVENT SHALL THE AUTHORS OR CONTRIBUTORS BE LIABLE FOR ANY DIRECT,
INDIRECT, INCIDENTAL, SPECIAL, EXEMPLARY, OR CONSEQUENTIAL DAMAGES
(INCLUDING, BUT NOT LIMITED TO, PROCUREMENT OF SUBSTITUTE GOODS OR
SERVICES; LOSS OF USE, DATA, OR PROFITS; OR BUSINESS INTERRUPTION)
HOWEVER CAUSED AND ON ANY THEORY OF LIABILITY, WHETHER IN CONTRACT,
STRICT LIABILITY, OR TORT (INCLUDING NEGLIGENCE OR OTHERWISE) ARISING
IN ANY WAY OUT OF THE USE OF THIS SOFTWARE, EVEN IF ADVISED OF THE
POSSIBILITY OF SUCH DAMAGE.

To not display this message, add the follwing to your mararc file:

hide_disclaimer = "YES"

Adding root nameserver 127.0.0.1 for zone .
 Log: Root directory changed
 Log: Binding to address 127.0.0.2
 Log: Socket opened on UDP port 53
 Log: Root privileges dropped
MaraDNS maximum memory allocation set to 86507520 bytes
 Log: All RRs have been loaded



THIS SOFTWARE IS PROVIDED BY THE AUTHORS ''AS IS'' AND ANY EXPRESS OR
IMPLIED WARRANTIES, INCLUDING, BUT NOT LIMITED TO, THE IMPLIED WARRANTIES
OF MERCHANTABILITY AND FITNESS FOR A PARTICULAR PURPOSE ARE DISCLAIMED.
IN NO EVENT SHALL THE AUTHORS OR CONTRIBUTORS BE LIABLE FOR ANY DIRECT,
INDIRECT, INCIDENTAL, SPECIAL, EXEMPLARY, OR CONSEQUENTIAL DAMAGES
(INCLUDING, BUT NOT LIMITED TO, PROCUREMENT OF SUBSTITUTE GOODS OR
SERVICES; LOSS OF USE, DATA, OR PROFITS; OR BUSINESS INTERRUPTION)
HOWEVER CAUSED AND ON ANY THEORY OF LIABILITY, WHETHER IN CONTRACT,
STRICT LIABILITY, OR TORT (INCLUDING NEGLIGENCE OR OTHERWISE) ARISING
IN ANY WAY OUT OF THE USE OF THIS SOFTWARE, EVEN IF ADVISED OF THE
POSSIBILITY OF SUCH DAMAGE.

To not display this message, add the follwing to your mararc file:

hide_disclaimer = "YES"

Adding root nameserver 127.0.0.1 for zone .
 Log: Root directory changed
 Log: Binding to address 127.0.0.2
 Log: Socket opened on UDP port 53
 Log: Root privileges dropped
MaraDNS maximum memory allocation set to 86507520 bytes
 Log: All RRs have been loaded



THIS SOFTWARE IS PROVIDED BY THE AUTHORS ''AS IS'' AND ANY EXPRESS OR
IMPLIED WARRANTIES, INCLUDING, BUT NOT LIMITED TO, THE IMPLIED WARRANTIES
OF MERCHANTABILITY AND FITNESS FOR A PARTICULAR PURPOSE ARE DISCLAIMED.
IN NO EVENT SHALL THE AUTHORS OR CONTRIBUTORS BE LIABLE FOR ANY DIRECT,
INDIRECT, INCIDENTAL, SPECIAL, EXEMPLARY, OR CONSEQUENTIAL DAMAGES
(INCLUDING, BUT NOT LIMITED TO, PROCUREMENT OF SUBSTITUTE GOODS OR
SERVICES; LOSS OF USE, DATA, OR PROFITS; OR BUSINESS INTERRUPTION)
HOWEVER CAUSED AND ON ANY THEORY OF LIABILITY, WHETHER IN CONTRACT,
STRICT LIABILITY, OR TORT (INCLUDING NEGLIGENCE OR OTHERWISE) ARISING
IN ANY WAY OUT OF THE USE OF THIS SOFTWARE, EVEN IF ADVISED OF THE
POSSIBILITY OF SUCH DAMAGE.

To not display this message, add the follwing to your mararc file:

hide_disclaimer = "YES"

Adding root nameserver 127.0.0.1 for zone .
 Log: Root directory changed
 Log: Binding to address 127.0.0.2
 Log: Socket opened on UDP port 53
 Log: Root privileges dropped
MaraDNS maximum memory allocation set to 86507520 bytes
 Log: All RRs have been loaded
 Log: Awaiting data on port 53
 Log: Message received, processing



THIS SOFTWARE IS PROVIDED BY THE AUTHORS ''AS IS'' AND ANY EXPRESS OR
IMPLIED WARRANTIES, INCLUDING, BUT NOT LIMITED TO, THE IMPLIED WARRANTIES
OF MERCHANTABILITY AND FITNESS FOR A PARTICULAR PURPOSE ARE DISCLAIMED.
IN NO EVENT SHALL THE AUTHORS OR CONTRIBUTORS BE LIABLE FOR ANY DIRECT,
INDIRECT, INCIDENTAL, SPECIAL, EXEMPLARY, OR CONSEQUENTIAL DAMAGES
(INCLUDING, BUT NOT LIMITED TO, PROCUREMENT OF SUBSTITUTE GOODS OR
SERVICES; LOSS OF USE, DATA, OR PROFITS; OR BUSINESS INTERRUPTION)
HOWEVER CAUSED AND ON ANY THEORY OF LIABILITY, WHETHER IN CONTRACT,
STRICT LIABILITY, OR TORT (INCLUDING NEGLIGENCE OR OTHERWISE) ARISING
IN ANY WAY OUT OF THE USE OF THIS SOFTWARE, EVEN IF ADVISED OF THE
POSSIBILITY OF SUCH DAMAGE.

To not display this message, add the follwing to your mararc file:

hide_disclaimer = "YES"

Adding root nameserver 127.0.0.1 for zone .
Adding \000\000\374 to cache at 0x80810b8 (ipv4pair)
 Log: Root directory changed
 Log: Binding to address 127.0.0.2
 Log: Socket opened on UDP port 53
 Log: Root privileges dropped
MaraDNS maximum memory allocation set to 86507520 bytes
 Log: All RRs have been loaded
 Log: Awaiting data on port 53
 Log: Message received, processing
Query from: 127.0.0.2 Awww.example.com.
Looking for \003www\007example\003com\000\000\001 in DNS cache
\003www\007example\003com\000\000\001 not found in cache
Looking for \003www\007example\003com\000\000\005 in DNS cache (CNAME lookup)
\003www\007example\003com\000\000\005 not found in cache (CNAME)
initializing thread
About to launch thread...
In thread; ready to begin recursion; Threads in use: 1
Looking for \003www\007example\003com\000\000\001 in cache
\003www\007example\003com\000\000\001 not found in cache
Looking for \003www\007example\003com\000\000\374 in cache (NS referral)
Looking for \007example\003com\000\000\374 in cache (NS referral)
Looking for \003com\000\000\374 in cache (NS referral)
Looking for \000\000\374 in cache (NS referral)
\000\000\374 found at 0x80810b8
Making cpoint copy of \000\000\374 at 0x80810b8
Querying DNS server with ip 127.0.0.1 for \003www\007example\003com\000\000\001 with bailiwick \000\000\374
Adding \007example\003com\000\000\374 to cache at 0x8080df8 (jsip)
Adding \007example\003com\000\000\374 to cache at 0x8086fd0 (js)
That's an append
Looking for \003www\007example\003com\000\000\001 in cache
\003www\007example\003com\000\000\001 not found in cache
Looking for \003www\007example\003com\000\000\374 in cache (NS referral)
Looking for \007example\003com\000\000\374 in cache (NS referral)
\007example\003com\000\000\374 found at 0x8080df8
Making cpoint copy of \007example\003com\000\000\374 at 0x8080df8
Querying DNS server with ip 127.0.0.3 for \003www\007example\003com\000\000\001 with bailiwick \007example\003com\000\000\374
Adding RR/psudo-NXDOMAIN \003www\007example\003com\000\000\001 to cache at 0x8087038
Sucessfully added \003www\007example\003com\000\000\001 to cache at 0x8087038
Looking for \003www\007example\003com\000\000\001 in cache
\003www\007example\003com\000\000\001 found in cache (RR) at 0x8087038



