THIS SOFTWARE IS PROVIDED BY THE AUTHORS ''AS IS'' AND ANY EXPRESS OR
IMPLIED WARRANTIES, INCLUDING, BUT NOT LIMITED TO, THE IMPLIED WARRANTIES
OF MERCHANTABILITY AND FITNESS FOR A PARTICULAR PURPOSE ARE DISCLAIMED.
IN NO EVENT SHALL THE AUTHORS OR CONTRIBUTORS BE LIABLE FOR ANY DIRECT,
INDIRECT, INCIDENTAL, SPECIAL, EXEMPLARY, OR CONSEQUENTIAL DAMAGES
(INCLUDING, BUT NOT LIMITED TO, PROCUREMENT OF SUBSTITUTE GOODS OR
SERVICES; LOSS OF USE, DATA, OR PROFITS; OR BUSINESS INTERRUPTION)
HOWEVER CAUSED AND ON ANY THEORY OF LIABILITY, WHETHER IN CONTRACT,
STRICT LIABILITY, OR TORT (INCLUDING NEGLIGENCE OR OTHERWISE) ARISING
IN ANY WAY OUT OF THE USE OF THIS SOFTWARE, EVEN IF ADVISED OF THE
POSSIBILITY OF SUCH DAMAGE.

To not display this message, add the follwing to your mararc file:

hide_disclaimer = "YES"

Timestamp: 1191187726  Log: Root directory changed
 Log: Binding to address 127.0.0.1
Timestamp: 1191187726  Log: Socket opened on UDP port 53
Timestamp: 1191187726  Log: Root privileges dropped
Processing zone example.com. right now.
Filename: db.example.com
MaraDNS proudly serves you 4 DNS records
Timestamp: 1191187726  Log: All RRs have been loaded
Timestamp: 1191187726  Log: Awaiting data on port 53
Timestamp: 1191187729  Log: Message received, processing



THIS SOFTWARE IS PROVIDED BY THE AUTHORS ''AS IS'' AND ANY EXPRESS OR
IMPLIED WARRANTIES, INCLUDING, BUT NOT LIMITED TO, THE IMPLIED WARRANTIES
OF MERCHANTABILITY AND FITNESS FOR A PARTICULAR PURPOSE ARE DISCLAIMED.
IN NO EVENT SHALL THE AUTHORS OR CONTRIBUTORS BE LIABLE FOR ANY DIRECT,
INDIRECT, INCIDENTAL, SPECIAL, EXEMPLARY, OR CONSEQUENTIAL DAMAGES
(INCLUDING, BUT NOT LIMITED TO, PROCUREMENT OF SUBSTITUTE GOODS OR
SERVICES; LOSS OF USE, DATA, OR PROFITS; OR BUSINESS INTERRUPTION)
HOWEVER CAUSED AND ON ANY THEORY OF LIABILITY, WHETHER IN CONTRACT,
STRICT LIABILITY, OR TORT (INCLUDING NEGLIGENCE OR OTHERWISE) ARISING
IN ANY WAY OUT OF THE USE OF THIS SOFTWARE, EVEN IF ADVISED OF THE
POSSIBILITY OF SUCH DAMAGE.

To not display this message, add the follwing to your mararc file:

hide_disclaimer = "YES"

1191187730  Log: Root directory changed
 Log: Binding to address 127.0.0.1
1191187730  Log: Socket opened on UDP port 53
1191187730  Log: Root privileges dropped
Processing zone example.com. right now.
Filename: db.example.com
MaraDNS proudly serves you 4 DNS records
1191187730  Log: All RRs have been loaded
1191187730  Log: Awaiting data on port 53
1191187733  Log: Message received, processing



THIS SOFTWARE IS PROVIDED BY THE AUTHORS ''AS IS'' AND ANY EXPRESS OR
IMPLIED WARRANTIES, INCLUDING, BUT NOT LIMITED TO, THE IMPLIED WARRANTIES
OF MERCHANTABILITY AND FITNESS FOR A PARTICULAR PURPOSE ARE DISCLAIMED.
IN NO EVENT SHALL THE AUTHORS OR CONTRIBUTORS BE LIABLE FOR ANY DIRECT,
INDIRECT, INCIDENTAL, SPECIAL, EXEMPLARY, OR CONSEQUENTIAL DAMAGES
(INCLUDING, BUT NOT LIMITED TO, PROCUREMENT OF SUBSTITUTE GOODS OR
SERVICES; LOSS OF USE, DATA, OR PROFITS; OR BUSINESS INTERRUPTION)
HOWEVER CAUSED AND ON ANY THEORY OF LIABILITY, WHETHER IN CONTRACT,
STRICT LIABILITY, OR TORT (INCLUDING NEGLIGENCE OR OTHERWISE) ARISING
IN ANY WAY OUT OF THE USE OF THIS SOFTWARE, EVEN IF ADVISED OF THE
POSSIBILITY OF SUCH DAMAGE.

To not display this message, add the follwing to your mararc file:

hide_disclaimer = "YES"

Domingo, 30 de Septiembre, a 21:28:54 (UTC)  Log: Root directory changed
 Log: Binding to address 127.0.0.1
Domingo, 30 de Septiembre, a 21:28:54 (UTC)  Log: Socket opened on UDP port 53
Domingo, 30 de Septiembre, a 21:28:54 (UTC)  Log: Root privileges dropped
Processing zone example.com. right now.
Filename: db.example.com
MaraDNS proudly serves you 4 DNS records
Domingo, 30 de Septiembre, a 21:28:54 (UTC)  Log: All RRs have been loaded
Domingo, 30 de Septiembre, a 21:28:54 (UTC)  Log: Awaiting data on port 53
Domingo, 30 de Septiembre, a 21:28:57 (UTC)  Log: Message received, processing



THIS SOFTWARE IS PROVIDED BY THE AUTHORS ''AS IS'' AND ANY EXPRESS OR
IMPLIED WARRANTIES, INCLUDING, BUT NOT LIMITED TO, THE IMPLIED WARRANTIES
OF MERCHANTABILITY AND FITNESS FOR A PARTICULAR PURPOSE ARE DISCLAIMED.
IN NO EVENT SHALL THE AUTHORS OR CONTRIBUTORS BE LIABLE FOR ANY DIRECT,
INDIRECT, INCIDENTAL, SPECIAL, EXEMPLARY, OR CONSEQUENTIAL DAMAGES
(INCLUDING, BUT NOT LIMITED TO, PROCUREMENT OF SUBSTITUTE GOODS OR
SERVICES; LOSS OF USE, DATA, OR PROFITS; OR BUSINESS INTERRUPTION)
HOWEVER CAUSED AND ON ANY THEORY OF LIABILITY, WHETHER IN CONTRACT,
STRICT LIABILITY, OR TORT (INCLUDING NEGLIGENCE OR OTHERWISE) ARISING
IN ANY WAY OUT OF THE USE OF THIS SOFTWARE, EVEN IF ADVISED OF THE
POSSIBILITY OF SUCH DAMAGE.

To not display this message, add the follwing to your mararc file:

hide_disclaimer = "YES"

Domingo, 30 de Septiembre, a 21:28:58  Log: Root directory changed
 Log: Binding to address 127.0.0.1
Domingo, 30 de Septiembre, a 21:28:58  Log: Socket opened on UDP port 53
Domingo, 30 de Septiembre, a 21:28:58  Log: Root privileges dropped
Processing zone example.com. right now.
Filename: db.example.com
MaraDNS proudly serves you 4 DNS records
Domingo, 30 de Septiembre, a 21:28:58  Log: All RRs have been loaded
Domingo, 30 de Septiembre, a 21:28:58  Log: Awaiting data on port 53
Domingo, 30 de Septiembre, a 21:29:01  Log: Message received, processing



THIS SOFTWARE IS PROVIDED BY THE AUTHORS ''AS IS'' AND ANY EXPRESS OR
IMPLIED WARRANTIES, INCLUDING, BUT NOT LIMITED TO, THE IMPLIED WARRANTIES
OF MERCHANTABILITY AND FITNESS FOR A PARTICULAR PURPOSE ARE DISCLAIMED.
IN NO EVENT SHALL THE AUTHORS OR CONTRIBUTORS BE LIABLE FOR ANY DIRECT,
INDIRECT, INCIDENTAL, SPECIAL, EXEMPLARY, OR CONSEQUENTIAL DAMAGES
(INCLUDING, BUT NOT LIMITED TO, PROCUREMENT OF SUBSTITUTE GOODS OR
SERVICES; LOSS OF USE, DATA, OR PROFITS; OR BUSINESS INTERRUPTION)
HOWEVER CAUSED AND ON ANY THEORY OF LIABILITY, WHETHER IN CONTRACT,
STRICT LIABILITY, OR TORT (INCLUDING NEGLIGENCE OR OTHERWISE) ARISING
IN ANY WAY OUT OF THE USE OF THIS SOFTWARE, EVEN IF ADVISED OF THE
POSSIBILITY OF SUCH DAMAGE.

To not display this message, add the follwing to your mararc file:

hide_disclaimer = "YES"

Sun Sep 30 21:29:02 2007 GMT  Log: Root directory changed
 Log: Binding to address 127.0.0.1
Sun Sep 30 21:29:02 2007 GMT  Log: Socket opened on UDP port 53
Sun Sep 30 21:29:02 2007 GMT  Log: Root privileges dropped
Processing zone example.com. right now.
Filename: db.example.com
MaraDNS proudly serves you 4 DNS records
Sun Sep 30 21:29:02 2007 GMT  Log: All RRs have been loaded
Sun Sep 30 21:29:02 2007 GMT  Log: Awaiting data on port 53
Sun Sep 30 21:29:05 2007 GMT  Log: Message received, processing



THIS SOFTWARE IS PROVIDED BY THE AUTHORS ''AS IS'' AND ANY EXPRESS OR
IMPLIED WARRANTIES, INCLUDING, BUT NOT LIMITED TO, THE IMPLIED WARRANTIES
OF MERCHANTABILITY AND FITNESS FOR A PARTICULAR PURPOSE ARE DISCLAIMED.
IN NO EVENT SHALL THE AUTHORS OR CONTRIBUTORS BE LIABLE FOR ANY DIRECT,
INDIRECT, INCIDENTAL, SPECIAL, EXEMPLARY, OR CONSEQUENTIAL DAMAGES
(INCLUDING, BUT NOT LIMITED TO, PROCUREMENT OF SUBSTITUTE GOODS OR
SERVICES; LOSS OF USE, DATA, OR PROFITS; OR BUSINESS INTERRUPTION)
HOWEVER CAUSED AND ON ANY THEORY OF LIABILITY, WHETHER IN CONTRACT,
STRICT LIABILITY, OR TORT (INCLUDING NEGLIGENCE OR OTHERWISE) ARISING
IN ANY WAY OUT OF THE USE OF THIS SOFTWARE, EVEN IF ADVISED OF THE
POSSIBILITY OF SUCH DAMAGE.

To not display this message, add the follwing to your mararc file:

hide_disclaimer = "YES"

 Log: Root directory changed
 Log: Binding to address 127.0.0.1
 Log: Socket opened on UDP port 53
 Log: Root privileges dropped
Processing zone example.com. right now.
Filename: db.example.com
MaraDNS proudly serves you 4 DNS records
 Log: All RRs have been loaded
 Log: Awaiting data on port 53
 Log: Message received, processing



THIS SOFTWARE IS PROVIDED BY THE AUTHORS ''AS IS'' AND ANY EXPRESS OR
IMPLIED WARRANTIES, INCLUDING, BUT NOT LIMITED TO, THE IMPLIED WARRANTIES
OF MERCHANTABILITY AND FITNESS FOR A PARTICULAR PURPOSE ARE DISCLAIMED.
IN NO EVENT SHALL THE AUTHORS OR CONTRIBUTORS BE LIABLE FOR ANY DIRECT,
INDIRECT, INCIDENTAL, SPECIAL, EXEMPLARY, OR CONSEQUENTIAL DAMAGES
(INCLUDING, BUT NOT LIMITED TO, PROCUREMENT OF SUBSTITUTE GOODS OR
SERVICES; LOSS OF USE, DATA, OR PROFITS; OR BUSINESS INTERRUPTION)
HOWEVER CAUSED AND ON ANY THEORY OF LIABILITY, WHETHER IN CONTRACT,
STRICT LIABILITY, OR TORT (INCLUDING NEGLIGENCE OR OTHERWISE) ARISING
IN ANY WAY OUT OF THE USE OF THIS SOFTWARE, EVEN IF ADVISED OF THE
POSSIBILITY OF SUCH DAMAGE.

To not display this message, add the follwing to your mararc file:

hide_disclaimer = "YES"

2007-09-30 21:29:10  Log: Root directory changed
 Log: Binding to address 127.0.0.1
2007-09-30 21:29:10  Log: Socket opened on UDP port 53
2007-09-30 21:29:10  Log: Root privileges dropped
Processing zone example.com. right now.
Filename: db.example.com
MaraDNS proudly serves you 4 DNS records
2007-09-30 21:29:10  Log: All RRs have been loaded
2007-09-30 21:29:10  Log: Awaiting data on port 53
2007-09-30 21:29:13  Log: Message received, processing



THIS SOFTWARE IS PROVIDED BY THE AUTHORS ''AS IS'' AND ANY EXPRESS OR
IMPLIED WARRANTIES, INCLUDING, BUT NOT LIMITED TO, THE IMPLIED WARRANTIES
OF MERCHANTABILITY AND FITNESS FOR A PARTICULAR PURPOSE ARE DISCLAIMED.
IN NO EVENT SHALL THE AUTHORS OR CONTRIBUTORS BE LIABLE FOR ANY DIRECT,
INDIRECT, INCIDENTAL, SPECIAL, EXEMPLARY, OR CONSEQUENTIAL DAMAGES
(INCLUDING, BUT NOT LIMITED TO, PROCUREMENT OF SUBSTITUTE GOODS OR
SERVICES; LOSS OF USE, DATA, OR PROFITS; OR BUSINESS INTERRUPTION)
HOWEVER CAUSED AND ON ANY THEORY OF LIABILITY, WHETHER IN CONTRACT,
STRICT LIABILITY, OR TORT (INCLUDING NEGLIGENCE OR OTHERWISE) ARISING
IN ANY WAY OUT OF THE USE OF THIS SOFTWARE, EVEN IF ADVISED OF THE
POSSIBILITY OF SUCH DAMAGE.

To not display this message, add the follwing to your mararc file:

hide_disclaimer = "YES"

2007-09-30 21:29:14  Log: Root directory changed
 Log: Binding to address 127.0.0.1
2007-09-30 21:29:14  Log: Socket opened on UDP port 53
2007-09-30 21:29:14  Log: Root privileges dropped
Processing zone example.com. right now.
Filename: db.example.com
MaraDNS proudly serves you 4 DNS records
2007-09-30 21:29:14  Log: All RRs have been loaded
2007-09-30 21:29:14  Log: Awaiting data on port 53
2007-09-30 21:29:17  Log: Message received, processing



